[debug] [2025-05-30T11:09:53.043Z] ----------------------------------------------------------------------
[debug] [2025-05-30T11:09:53.045Z] Command:       C:\Program Files\nodejs\node.exe C:\Users\nithy\AppData\Roaming\npm\node_modules\firebase-tools\lib\bin\firebase.js projects:create food-court-eb4dd
[debug] [2025-05-30T11:09:53.046Z] CLI Version:   14.3.1
[debug] [2025-05-30T11:09:53.046Z] Platform:      win32
[debug] [2025-05-30T11:09:53.046Z] Node Version:  v22.13.0
[debug] [2025-05-30T11:09:53.049Z] Time:          Fri May 30 2025 16:39:53 GMT+0530 (India Standard Time)
[debug] [2025-05-30T11:09:53.049Z] ----------------------------------------------------------------------
[debug] 
[debug] [2025-05-30T11:09:53.276Z] > command requires scopes: ["email","openid","https://www.googleapis.com/auth/cloudplatformprojects.readonly","https://www.googleapis.com/auth/firebase","https://www.googleapis.com/auth/cloud-platform"]
[debug] [2025-05-30T11:09:53.277Z] > authorizing via signed-in user (nithyamalleswar8@gmail.com)
[debug] [2025-05-30T11:11:35.235Z] Checked if tokens are valid: true, expires at: 1748604837374
[debug] [2025-05-30T11:11:35.236Z] Checked if tokens are valid: true, expires at: 1748604837374
[debug] [2025-05-30T11:11:35.240Z] >>> [apiv2][query] POST https://cloudresourcemanager.googleapis.com/v1/projects [none]
[debug] [2025-05-30T11:11:35.240Z] >>> [apiv2][body] POST https://cloudresourcemanager.googleapis.com/v1/projects {"projectId":"FLVRFST-RCT24","name":"SecureCloud-FlavorFiesta"}
[debug] [2025-05-30T11:11:37.307Z] <<< [apiv2][status] POST https://cloudresourcemanager.googleapis.com/v1/projects 400
[debug] [2025-05-30T11:11:37.308Z] <<< [apiv2][body] POST https://cloudresourcemanager.googleapis.com/v1/projects {"error":{"code":400,"message":"field [project_id] has issue [project_id contains invalid characters]","status":"INVALID_ARGUMENT","details":[{"@type":"type.googleapis.com/google.rpc.BadRequest","fieldViolations":[{"field":"project_id","description":"project_id contains invalid characters"}]},{"@type":"type.googleapis.com/google.rpc.Help","links":[{"url":"https://cloud.google.com/resource-manager/reference/rest/v1/projects"}]}]}}
[debug] [2025-05-30T11:11:37.316Z] FirebaseError: Request to https://cloudresourcemanager.googleapis.com/v1/projects had HTTP Error: 400, field [project_id] has issue [project_id contains invalid characters]
    at responseToError (C:\Users\nithy\AppData\Roaming\npm\node_modules\firebase-tools\lib\responseToError.js:52:12)
    at RetryOperation._fn (C:\Users\nithy\AppData\Roaming\npm\node_modules\firebase-tools\lib\apiv2.js:312:77)
    at process.processTicksAndRejections (node:internal/process/task_queues:105:5)
[error] 
[error] Error: Failed to create project. See firebase-debug.log for more info.
